Reading draft network from  rhto.xml ... done.
Reading seeds from  menecoSeeds.sbml ... done.
Reading targets from  menecoTargets.sbml ... done.

Checking draftnet for unproducible targets ... done.
  49 unproducible targets:
  "M_s_1107"
  "M_s_0747"
  "M_s_1524"
  "M_s_1379"
  "M_s_0089"
  "M_s_1337"
  "M_s_3719"
  "M_s_1527"
  "M_s_1351"
  "M_s_1314"
  "M_s_0526"
  "M_s_3742"
  "M_s_0666"
  "M_s_0428"
  "M_s_0832"
  "M_s_1520"
  "M_s_3741"
  "M_s_3743"
  "M_s_1533"
  "M_s_3740"
  "M_s_0782"
  "M_s_0432"
  "M_s_1148"
  "M_s_0748"
  "M_s_0649"
  "M_s_1561"
  "M_s_0589"
  "M_s_0542"
  "M_s_0430"
  "M_s_0773"
  "M_s_0694"
  "M_s_1099"
  "M_s_1346"
  "M_s_0847"
  "M_s_3718"
  "M_s_1545"
  "M_s_1491"
  "M_s_0615"
  "M_s_3714"
  "M_s_0404"
  "M_s_0672"
  "M_s_0001"
  "M_s_0757"
  "M_s_1428"
  "M_s_1405"
  "M_s_1077"
  "M_s_3717"
  "M_s_3720"
  "M_s_0004"

Reading repair network from  sce_20180919.xml ... done.

Checking draftnet + repairnet for unproducible targets ... done.
  still 2 unproducible targets:
  "M_s_1107"
  "M_s_3718"

  47 targets to reconstruct:
  "M_s_3720"
  "M_s_1520"
  "M_s_3717"
  "M_s_0747"
  "M_s_0757"
  "M_s_3719"
  "M_s_0404"
  "M_s_0001"
  "M_s_1337"
  "M_s_1379"
  "M_s_1077"
  "M_s_1405"
  "M_s_0004"
  "M_s_0694"
  "M_s_1428"
  "M_s_1099"
  "M_s_3714"
  "M_s_0615"
  "M_s_0672"
  "M_s_1491"
  "M_s_0589"
  "M_s_0782"
  "M_s_1533"
  "M_s_3740"
  "M_s_0847"
  "M_s_0649"
  "M_s_1561"
  "M_s_0773"
  "M_s_1346"
  "M_s_1148"
  "M_s_1545"
  "M_s_0832"
  "M_s_0542"
  "M_s_0430"
  "M_s_3742"
  "M_s_0428"
  "M_s_0432"
  "M_s_1314"
  "M_s_0666"
  "M_s_0748"
  "M_s_1527"
  "M_s_3743"
  "M_s_0526"
  "M_s_3741"
  "M_s_0089"
  "M_s_1351"
  "M_s_1524"

Computing essential reactions for target("M_s_3720") ... done.
  0 essential reactions found:

Computing essential reactions for target("M_s_1520") ... done.
  0 essential reactions found:

Computing essential reactions for target("M_s_3717") ... done.
  1 essential reactions found:
  "R_r_1887"

Computing essential reactions for target("M_s_0747") ... done.
  0 essential reactions found:

Computing essential reactions for target("M_s_0757") ... done.
  0 essential reactions found:

Computing essential reactions for target("M_s_3719") ... done.
  0 essential reactions found:

Computing essential reactions for target("M_s_0404") ... done.
  0 essential reactions found:

Computing essential reactions for target("M_s_0001") ... done.
  0 essential reactions found:

Computing essential reactions for target("M_s_1337") ... done.
  0 essential reactions found:

Computing essential reactions for target("M_s_1379") ... done.
  1 essential reactions found:
  "R_r_1887"

Computing essential reactions for target("M_s_1077") ... done.
  0 essential reactions found:

Computing essential reactions for target("M_s_1405") ... done.
  1 essential reactions found:
  "R_r_2030"

Computing essential reactions for target("M_s_0004") ... done.
  0 essential reactions found:

Computing essential reactions for target("M_s_0694") ... done.
  0 essential reactions found:

Computing essential reactions for target("M_s_1428") ... done.
  0 essential reactions found:

Computing essential reactions for target("M_s_1099") ... done.
  0 essential reactions found:

Computing essential reactions for target("M_s_3714") ... done.
  0 essential reactions found:

Computing essential reactions for target("M_s_0615") ... done.
  0 essential reactions found:

Computing essential reactions for target("M_s_0672") ... done.
  0 essential reactions found:

Computing essential reactions for target("M_s_1491") ... done.
  0 essential reactions found:

Computing essential reactions for target("M_s_0589") ... done.
  0 essential reactions found:

Computing essential reactions for target("M_s_0782") ... done.
  0 essential reactions found:

Computing essential reactions for target("M_s_1533") ... done.
  0 essential reactions found:

Computing essential reactions for target("M_s_3740") ... done.
  0 essential reactions found:

Computing essential reactions for target("M_s_0847") ... done.
  0 essential reactions found:

Computing essential reactions for target("M_s_0649") ... done.
  0 essential reactions found:

Computing essential reactions for target("M_s_1561") ... done.
  0 essential reactions found:

Computing essential reactions for target("M_s_0773") ... done.
  0 essential reactions found:

Computing essential reactions for target("M_s_1346") ... done.
  0 essential reactions found:

Computing essential reactions for target("M_s_1148") ... done.
  0 essential reactions found:

Computing essential reactions for target("M_s_1545") ... done.
  0 essential reactions found:

Computing essential reactions for target("M_s_0832") ... done.
  0 essential reactions found:

Computing essential reactions for target("M_s_0542") ... done.
  0 essential reactions found:

Computing essential reactions for target("M_s_0430") ... done.
  0 essential reactions found:

Computing essential reactions for target("M_s_3742") ... done.
  0 essential reactions found:

Computing essential reactions for target("M_s_0428") ... done.
  0 essential reactions found:

Computing essential reactions for target("M_s_0432") ... done.
  0 essential reactions found:

Computing essential reactions for target("M_s_1314") ... done.
  0 essential reactions found:

Computing essential reactions for target("M_s_0666") ... done.
  0 essential reactions found:

Computing essential reactions for target("M_s_0748") ... done.
  0 essential reactions found:

Computing essential reactions for target("M_s_1527") ... done.
  0 essential reactions found:

Computing essential reactions for target("M_s_3743") ... done.
  0 essential reactions found:

Computing essential reactions for target("M_s_0526") ... done.
  0 essential reactions found:

Computing essential reactions for target("M_s_3741") ... done.
  0 essential reactions found:

Computing essential reactions for target("M_s_0089") ... done.
  0 essential reactions found:

Computing essential reactions for target("M_s_1351") ... done.
  0 essential reactions found:

Computing essential reactions for target("M_s_1524") ... done.
  0 essential reactions found:

Overall 2 essential reactions found.
  "R_r_1887"
  "R_r_2030"

Adding essential reactions to network.

Computing one minimal completion to produce all targets ... done.
  "R_r_1665"
  "R_r_2030"
  "R_r_1887"

Computing common reactions in all completion with size 3 ... done.
  "R_r_1887"
  "R_r_2030"

Computing union of reactions from all completion with size 3 ... done.
  "R_r_1665"
  "R_r_2030"
  "R_r_1667"
  "R_r_1887"
